<?xml version="1.0" encoding="UTF-8"?>
<!-- Generated by org.testng.reporters.JUnitXMLReporter -->
<testsuite hostname="ASDA0024" name="Default test" tests="7" failures="0" timestamp="4 Jul 2018 12:39:53 GMT" time="6.534" errors="0">
  <testcase name="attemptClickingBasicCourse" time="0.174" classname="test.MainTest"/>
  <testcase name="attemptGridBoxPage" time="0.376" classname="test.MainTest"/>
  <testcase name="attemptFrameAndDungeonPage" time="1.621" classname="test.MainTest"/>
  <testcase name="attemptDragAndDropPage" time="0.457" classname="test.MainTest"/>
  <testcase name="attemptPopupWindowsPage" time="0.889" classname="test.MainTest"/>
  <testcase name="attemptTokenGenerationPage" time="0.35" classname="test.MainTest"/>
  <testcase name="verifyEndPage" time="0.041" classname="test.MainTest"/>
</testsuite> <!-- Default test -->
