<?xml version="1.0" encoding="UTF-8"?>
<!-- Generated by org.testng.reporters.JUnitXMLReporter -->
<testsuite hostname="ASDA0024" name="Default test" tests="7" failures="0" timestamp="5 Jul 2018 12:54:36 GMT" time="5.822" errors="0">
  <testcase name="attemptClickingBasicCourse" time="0.156" classname="test.MainTest"/>
  <testcase name="attemptGridBoxPage" time="0.333" classname="test.MainTest"/>
  <testcase name="attemptFrameAndDungeonPage" time="1.501" classname="test.MainTest"/>
  <testcase name="attemptDragAndDropPage" time="0.414" classname="test.MainTest"/>
  <testcase name="attemptPopupWindowsPage" time="0.848" classname="test.MainTest"/>
  <testcase name="attemptTokenGenerationPage" time="0.345" classname="test.MainTest"/>
  <testcase name="verifyEndPage" time="0.042" classname="test.MainTest"/>
</testsuite> <!-- Default test -->
